<?xml version="1.0" encoding="UTF-8"?>
<testsuite name="VeganizerTest" tests="1" skipped="0" failures="0" errors="0" timestamp="2023-03-10T20:46:29" hostname="LAPTOP-PH4IJC1N" time="0.268">
  <properties/>
  <testcase name="testVeganize()" classname="VeganizerTest" time="0.268"/>
  <system-out><![CDATA[]]></system-out>
  <system-err><![CDATA[]]></system-err>
</testsuite>
